<?xml version="1.0" encoding="UTF-8" ?>
<testsuite tests="29" failures="0" name="com.nandini.hw3.AppTest" time="0.106" errors="0" skipped="0">
  <properties>
    <property name="java.runtime.name" value="OpenJDK Runtime Environment"/>
    <property name="java.vm.version" value="17.0.1+1"/>
    <property name="sun.boot.library.path" value="/usr/local/Cellar/openjdk/17.0.1_1/libexec/openjdk.jdk/Contents/Home/lib"/>
    <property name="maven.multiModuleProjectDirectory" value="/Users/nandinineralagi/hw3/hw3-santorini-ndnrlg/java"/>
    <property name="java.vm.vendor" value="Homebrew"/>
    <property name="java.vendor.url" value="https://github.com/Homebrew/homebrew-core/issues"/>
    <property name="guice.disable.misplaced.annotation.check" value="true"/>
    <property name="path.separator" value=":"/>
    <property name="java.vm.name" value="OpenJDK 64-Bit Server VM"/>
    <property name="user.country" value="US"/>
    <property name="sun.java.launcher" value="SUN_STANDARD"/>
    <property name="java.vm.specification.name" value="Java Virtual Machine Specification"/>
    <property name="user.dir" value="/Users/nandinineralagi/hw3/hw3-santorini-ndnrlg/java"/>
    <property name="java.vm.compressedOopsMode" value="Zero based"/>
    <property name="java.runtime.version" value="17.0.1+1"/>
    <property name="os.arch" value="x86_64"/>
    <property name="java.io.tmpdir" value="/var/folders/rt/40r6k0b11vz1nhyrjg29wf_c0000gn/T/"/>
    <property name="line.separator" value="
"/>
    <property name="java.vm.specification.vendor" value="Oracle Corporation"/>
    <property name="os.name" value="Mac OS X"/>
    <property name="classworlds.conf" value="/usr/local/Cellar/maven/3.8.4/libexec/bin/m2.conf"/>
    <property name="sun.jnu.encoding" value="UTF-8"/>
    <property name="java.library.path" value="/Users/nandinineralagi/Library/Java/Extensions:/Library/Java/Extensions:/Network/Library/Java/Extensions:/System/Library/Java/Extensions:/usr/lib/java:."/>
    <property name="maven.conf" value="/usr/local/Cellar/maven/3.8.4/libexec/conf"/>
    <property name="jdk.debug" value="release"/>
    <property name="java.class.version" value="61.0"/>
    <property name="java.specification.name" value="Java Platform API Specification"/>
    <property name="sun.management.compiler" value="HotSpot 64-Bit Tiered Compilers"/>
    <property name="os.version" value="12.1"/>
    <property name="library.jansi.path" value="/usr/local/Cellar/maven/3.8.4/libexec/lib/jansi-native"/>
    <property name="http.nonProxyHosts" value="local|*.local|169.254/16|*.169.254/16"/>
    <property name="user.home" value="/Users/nandinineralagi"/>
    <property name="user.timezone" value="America/New_York"/>
    <property name="file.encoding" value="UTF-8"/>
    <property name="java.specification.version" value="17"/>
    <property name="user.name" value="nandinineralagi"/>
    <property name="java.class.path" value="/usr/local/Cellar/maven/3.8.4/libexec/boot/plexus-classworlds-2.6.0.jar"/>
    <property name="java.vm.specification.version" value="17"/>
    <property name="sun.arch.data.model" value="64"/>
    <property name="sun.java.command" value="org.codehaus.plexus.classworlds.launcher.Launcher site"/>
    <property name="java.home" value="/usr/local/Cellar/openjdk/17.0.1_1/libexec/openjdk.jdk/Contents/Home"/>
    <property name="user.language" value="en"/>
    <property name="java.specification.vendor" value="Oracle Corporation"/>
    <property name="java.vm.info" value="mixed mode, sharing"/>
    <property name="java.version" value="17.0.1"/>
    <property name="native.encoding" value="UTF-8"/>
    <property name="java.vendor" value="Homebrew"/>
    <property name="sun.stderr.encoding" value="UTF-8"/>
    <property name="maven.home" value="/usr/local/Cellar/maven/3.8.4/libexec"/>
    <property name="file.separator" value="/"/>
    <property name="java.version.date" value="2021-10-19"/>
    <property name="java.vendor.url.bug" value="https://github.com/Homebrew/homebrew-core/issues"/>
    <property name="sun.io.unicode.encoding" value="UnicodeBig"/>
    <property name="sun.cpu.endian" value="little"/>
    <property name="java.vendor.version" value="Homebrew"/>
    <property name="sun.stdout.encoding" value="UTF-8"/>
    <property name="socksNonProxyHosts" value="local|*.local|169.254/16|*.169.254/16"/>
    <property name="ftp.nonProxyHosts" value="local|*.local|169.254/16|*.169.254/16"/>
  </properties>
  <testcase classname="com.nandini.hw3.AppTest" name="testHephaestusMustBuildOnSamePosition" time="0.052"/>
  <testcase classname="com.nandini.hw3.AppTest" name="testMinotaurForceDown" time="0"/>
  <testcase classname="com.nandini.hw3.AppTest" name="testAWinner" time="0.011"/>
  <testcase classname="com.nandini.hw3.AppTest" name="testHephaestusAdditionalBuild" time="0"/>
  <testcase classname="com.nandini.hw3.AppTest" name="testDemeterBuildPass" time="0"/>
  <testcase classname="com.nandini.hw3.AppTest" name="testBWinner" time="0.008"/>
  <testcase classname="com.nandini.hw3.AppTest" name="testInvalidMoveDirection" time="0"/>
  <testcase classname="com.nandini.hw3.AppTest" name="testInvalidBuildPosOutOfBounds" time="0"/>
  <testcase classname="com.nandini.hw3.AppTest" name="testHephaestusCantBuildOnDome" time="0"/>
  <testcase classname="com.nandini.hw3.AppTest" name="testMinotaurForceDownLeft" time="0.001"/>
  <testcase classname="com.nandini.hw3.AppTest" name="testAWinnerTwo" time="0.006"/>
  <testcase classname="com.nandini.hw3.AppTest" name="testIfInvalidMoveDome" time="0.005"/>
  <testcase classname="com.nandini.hw3.AppTest" name="testInvalidBuildOnWorker" time="0"/>
  <testcase classname="com.nandini.hw3.AppTest" name="testInvalidBuildOnDome" time="0"/>
  <testcase classname="com.nandini.hw3.AppTest" name="testHephaestusPass" time="0.003"/>
  <testcase classname="com.nandini.hw3.AppTest" name="testInvalidMoveOccupied" time="0"/>
  <testcase classname="com.nandini.hw3.AppTest" name="getSquareInvalidParam" time="0"/>
  <testcase classname="com.nandini.hw3.AppTest" name="testPanWinCheck" time="0"/>
  <testcase classname="com.nandini.hw3.AppTest" name="testApolloForceMove" time="0.005"/>
  <testcase classname="com.nandini.hw3.AppTest" name="testIfInvalidMovePosition" time="0"/>
  <testcase classname="com.nandini.hw3.AppTest" name="testDemeterBuild" time="0"/>
  <testcase classname="com.nandini.hw3.AppTest" name="testMinotaurForceDownRight" time="0"/>
  <testcase classname="com.nandini.hw3.AppTest" name="testApolloForceMoveTwo" time="0"/>
  <testcase classname="com.nandini.hw3.AppTest" name="testDemeterOpponentBuild" time="0.002"/>
  <testcase classname="com.nandini.hw3.AppTest" name="testMinotaurUnableForceDownBottom" time="0.003"/>
  <testcase classname="com.nandini.hw3.AppTest" name="testNoWinner" time="0.003"/>
  <testcase classname="com.nandini.hw3.AppTest" name="testInvalidDirectionParameter" time="0"/>
  <testcase classname="com.nandini.hw3.AppTest" name="testPanWin" time="0.006"/>
  <testcase classname="com.nandini.hw3.AppTest" name="testInvalidMoveLevels" time="0.001"/>
</testsuite>